TN:
SF:dist\use-cases\submit-feedback-use-case.js
FN:9,execute
FN:5,SubmitFeedbackUseCase
FNF:2
FNH:2
FNDA:3,execute
FNDA:1,SubmitFeedbackUseCase
DA:1,1
DA:2,1
DA:3,1
DA:4,1
DA:5,1
DA:6,1
DA:7,1
DA:8,1
DA:9,1
DA:10,3
DA:11,3
DA:12,1
DA:13,1
DA:14,3
DA:15,2
DA:16,2
DA:17,0
DA:18,0
DA:19,0
DA:20,0
DA:21,0
DA:22,0
DA:23,0
DA:24,0
DA:25,0
DA:26,0
DA:27,0
DA:28,3
DA:29,3
DA:30,3
DA:31,3
DA:32,0
DA:33,1
DA:34,1
LF:34
LH:22
BRDA:9,0,0,3
BRDA:11,1,0,2
BRDA:11,2,0,1
BRDA:14,3,0,2
BRDA:14,4,0,2
BRDA:17,5,0,0
BRDA:28,6,0,0
BRDA:32,7,0,0
BRDA:5,8,0,1
BRF:9
BRH:6
end_of_record
TN:
SF:src\use-cases\submit-feedback-use-case.ts
FN:19,execute
FN:12,SubmitFeedbackUseCase
FNF:2
FNH:2
FNDA:3,execute
FNDA:1,SubmitFeedbackUseCase
DA:1,1
DA:2,1
DA:3,1
DA:4,1
DA:5,1
DA:6,1
DA:7,1
DA:8,1
DA:9,1
DA:10,1
DA:11,1
DA:12,1
DA:13,1
DA:14,1
DA:15,1
DA:16,1
DA:17,1
DA:18,1
DA:19,1
DA:20,3
DA:21,3
DA:22,3
DA:23,1
DA:24,1
DA:25,2
DA:26,3
DA:27,2
DA:28,2
DA:29,0
DA:30,0
DA:31,0
DA:32,0
DA:33,0
DA:34,0
DA:35,0
DA:36,0
DA:37,0
DA:38,0
DA:39,0
DA:40,0
DA:41,0
DA:42,3
DA:43,3
DA:44,3
DA:45,3
DA:46,0
DA:47,1
LF:47
LH:33
BRDA:19,0,0,3
BRDA:22,1,0,2
BRDA:22,2,0,1
BRDA:25,3,0,2
BRDA:26,4,0,2
BRDA:29,5,0,0
BRDA:42,6,0,0
BRDA:46,7,0,0
BRDA:12,8,0,1
BRF:9
BRH:6
end_of_record
